<?xml version="1.0" encoding="UTF-8"?>
<!-- Generated by org.testng.reporters.JUnitXMLReporter -->
<testsuite hostname="narayankrishna" name="Surefire test" tests="18" failures="0" timestamp="29 Dec 2020 16:08:34 GMT" time="28.633" errors="0">
  <testcase name="ValidCreateBoard" time="4.193" classname="com.Nagarro.RestApi.Tests.BoardTest"/>
  <testcase name="ValidGetBoard" time="1.527" classname="com.Nagarro.RestApi.Tests.BoardTest"/>
  <testcase name="InvalidGetBoard" time="1.707" classname="com.Nagarro.RestApi.Tests.BoardTest"/>
  <testcase name="ValidUpdateBoard" time="1.823" classname="com.Nagarro.RestApi.Tests.BoardTest"/>
  <testcase name="ValidDeleteBoard" time="1.573" classname="com.Nagarro.RestApi.Tests.BoardTest"/>
  <testcase name="ValidCreateCard" time="1.31" classname="com.Nagarro.RestApi.Tests.CardTest"/>
  <testcase name="ValidGetCard" time="1.233" classname="com.Nagarro.RestApi.Tests.CardTest"/>
  <testcase name="InvalidGetCard" time="1.596" classname="com.Nagarro.RestApi.Tests.CardTest"/>
  <testcase name="ValidUpdateCard" time="1.265" classname="com.Nagarro.RestApi.Tests.CardTest"/>
  <testcase name="ValidDeleteCard" time="1.258" classname="com.Nagarro.RestApi.Tests.CardTest"/>
  <testcase name="ValidGetEmojis" time="1.268" classname="com.Nagarro.RestApi.Tests.EmojiTest"/>
  <testcase name="ValidCreateList" time="1.659" classname="com.Nagarro.RestApi.Tests.ListTest"/>
  <testcase name="ValidGetList" time="0.955" classname="com.Nagarro.RestApi.Tests.ListTest"/>
  <testcase name="InvalidGetList" time="1.271" classname="com.Nagarro.RestApi.Tests.ListTest"/>
  <testcase name="ValidUpdateList" time="1.233" classname="com.Nagarro.RestApi.Tests.ListTest"/>
  <testcase name="ValidArchiveList" time="1.707" classname="com.Nagarro.RestApi.Tests.ListTest"/>
  <testcase name="ValidBoardSearch" time="1.281" classname="com.Nagarro.RestApi.Tests.SearchTest"/>
  <testcase name="InvalidBoardSearch" time="1.315" classname="com.Nagarro.RestApi.Tests.SearchTest"/>
</testsuite> <!-- Surefire test -->
