<?xml version="1.0" encoding="UTF-8"?>
<testsuite xmlns:xsi="http://www.w3.org/2001/XMLSchema-instance" xsi:noNamespaceSchemaLocation="https://maven.apache.org/surefire/maven-surefire-plugin/xsd/surefire-test-report.xsd" name="TestSuite" time="29.3" tests="18" errors="0" skipped="0" failures="0">
  <properties>
[...]
</properties>
  <testcase name="ValidCreateBoard" classname="com.Nagarro.RestApi.Tests.BoardTest" time="4.189"/>
  <testcase name="ValidGetBoard" classname="com.Nagarro.RestApi.Tests.BoardTest" time="1.513"/>
  <testcase name="InvalidGetBoard" classname="com.Nagarro.RestApi.Tests.BoardTest" time="1.697"/>
  <testcase name="ValidUpdateBoard" classname="com.Nagarro.RestApi.Tests.BoardTest" time="1.796"/>
  <testcase name="ValidDeleteBoard" classname="com.Nagarro.RestApi.Tests.BoardTest" time="1.563"/>
  <testcase name="ValidCreateCard" classname="com.Nagarro.RestApi.Tests.CardTest" time="1.304"/>
  <testcase name="ValidGetCard" classname="com.Nagarro.RestApi.Tests.CardTest" time="1.226"/>
  <testcase name="InvalidGetCard" classname="com.Nagarro.RestApi.Tests.CardTest" time="1.577"/>
  <testcase name="ValidUpdateCard" classname="com.Nagarro.RestApi.Tests.CardTest" time="1.26"/>
  <testcase name="ValidDeleteCard" classname="com.Nagarro.RestApi.Tests.CardTest" time="1.25"/>
  <testcase name="ValidGetEmojis" classname="com.Nagarro.RestApi.Tests.EmojiTest" time="1.262"/>
  <testcase name="ValidCreateList" classname="com.Nagarro.RestApi.Tests.ListTest" time="1.653"/>
  <testcase name="ValidGetList" classname="com.Nagarro.RestApi.Tests.ListTest" time="0.94"/>
  <testcase name="InvalidGetList" classname="com.Nagarro.RestApi.Tests.ListTest" time="1.265"/>
  <testcase name="ValidUpdateList" classname="com.Nagarro.RestApi.Tests.ListTest" time="1.226"/>
  <testcase name="ValidArchiveList" classname="com.Nagarro.RestApi.Tests.ListTest" time="1.7"/>
  <testcase name="ValidBoardSearch" classname="com.Nagarro.RestApi.Tests.SearchTest" time="1.274"/>
  <testcase name="InvalidBoardSearch" classname="com.Nagarro.RestApi.Tests.SearchTest" time="1.306"/>
</testsuite>