<?xml version="1.0" encoding="UTF-8"?>
<!-- Generated by org.testng.reporters.JUnitXMLReporter -->
<testsuite hostname="narayankrishna" failures="0" tests="18" name="Test" time="17.387" errors="0" timestamp="27 Dec 2020 20:52:57 GMT">
  <testcase classname="com.Nagarro.RestApi.Tests.BoardTest" name="ValidCreateBoard" time="1.729"/>
  <testcase classname="com.Nagarro.RestApi.Tests.SearchTest" name="ValidBoardSearch" time="1.059"/>
  <testcase classname="com.Nagarro.RestApi.Tests.EmojiTest" name="ValidGetEmojis" time="0.765"/>
  <testcase classname="com.Nagarro.RestApi.Tests.BoardTest" name="ValidGetBoard" time="0.823"/>
  <testcase classname="com.Nagarro.RestApi.Tests.SearchTest" name="InvalidBoardSearch" time="0.735"/>
  <testcase classname="com.Nagarro.RestApi.Tests.BoardTest" name="InvalidGetBoard" time="0.846"/>
  <testcase classname="com.Nagarro.RestApi.Tests.BoardTest" name="ValidUpdateBoard" time="0.983"/>
  <testcase classname="com.Nagarro.RestApi.Tests.BoardTest" name="ValidDeleteBoard" time="0.954"/>
  <testcase classname="com.Nagarro.RestApi.Tests.CardTest" name="ValidCreateCard" time="0.964"/>
  <testcase classname="com.Nagarro.RestApi.Tests.CardTest" name="ValidGetCard" time="0.944"/>
  <testcase classname="com.Nagarro.RestApi.Tests.CardTest" name="InvalidGetCard" time="0.714"/>
  <testcase classname="com.Nagarro.RestApi.Tests.CardTest" name="ValidUpdateCard" time="0.903"/>
  <testcase classname="com.Nagarro.RestApi.Tests.CardTest" name="ValidDeleteCard" time="0.925"/>
  <testcase classname="com.Nagarro.RestApi.Tests.ListTest" name="ValidCreateList" time="0.961"/>
  <testcase classname="com.Nagarro.RestApi.Tests.ListTest" name="ValidGetList" time="0.965"/>
  <testcase classname="com.Nagarro.RestApi.Tests.ListTest" name="InvalidGetList" time="0.936"/>
  <testcase classname="com.Nagarro.RestApi.Tests.ListTest" name="ValidUpdateList" time="0.982"/>
  <testcase classname="com.Nagarro.RestApi.Tests.ListTest" name="ValidArchiveList" time="0.952"/>
</testsuite> <!-- Test -->
